# JRE version: OpenJDK Runtime Environment Temurin-17.0.7+7 (17.0.7+7) (build 17.0.7+7)
# Java VM: OpenJDK 64-Bit Server VM Temurin-17.0.7+7 (17.0.7+7, mixed mode, emulated-client, tiered, compressed oops, compressed class ptrs, g1 gc, windows-amd64)
GC Precious Log:
 CPUs: 12 total, 12 available
 Memory: 7916M
 Large Page Support: Disabled
 NUMA Support: Disabled
 Compressed Oops: Enabled (32-bit)
 Heap Region Size: 1M
 Heap Min Capacity: 8M
 Heap Initial Capacity: 124M
 Heap Max Capacity: 1G
 Pre-touch: Disabled
 Parallel Workers: 10
 Concurrent Workers: 3
 Concurrent Refinement Workers: 10
 Periodic GC: Disabled
Heap:
 garbage-first heap   total 137216K, used 40559K [0x00000000c0000000, 0x0000000100000000)
  region size 1024K, 1 young (1024K), 0 survivors (0K)
 Metaspace       used 74544K, committed 75136K, reserved 1114112K
  class space    used 10164K, committed 10432K, reserved 1048576K
GC Heap History (20 events):
Event: 12015.961 GC heap before
{Heap before GC invocations=1147 (full 1001):
 garbage-first heap   total 137216K, used 40559K [0x00000000c0000000, 0x0000000100000000)
  region size 1024K, 1 young (1024K), 0 survivors (0K)
 Metaspace       used 74544K, committed 75136K, reserved 1114112K
  class space    used 10164K, committed 10432K, reserved 1048576K
}
Event: 12016.061 GC heap after
{Heap after GC invocations=1148 (full 1002):
 garbage-first heap   total 137216K, used 40559K [0x00000000c0000000, 0x0000000100000000)
  region size 1024K, 0 young (0K), 0 survivors (0K)
 Metaspace       used 74544K, committed 75136K, reserved 1114112K
  class space    used 10164K, committed 10432K, reserved 1048576K
}
Event: 12027.422 GC heap before
{Heap before GC invocations=1148 (full 1002):
 garbage-first heap   total 137216K, used 40559K [0x00000000c0000000, 0x0000000100000000)
  region size 1024K, 1 young (1024K), 0 survivors (0K)
 Metaspace       used 74544K, committed 75136K, reserved 1114112K
  class space    used 10164K, committed 10432K, reserved 1048576K
}
Event: 12027.530 GC heap after
{Heap after GC invocations=1149 (full 1003):
 garbage-first heap   total 137216K, used 40559K [0x00000000c0000000, 0x0000000100000000)
  region size 1024K, 0 young (0K), 0 survivors (0K)
 Metaspace       used 74544K, committed 75136K, reserved 1114112K
  class space    used 10164K, committed 10432K, reserved 1048576K
}
Event: 12040.593 GC heap before
{Heap before GC invocations=1149 (full 1003):
 garbage-first heap   total 137216K, used 40559K [0x00000000c0000000, 0x0000000100000000)
  region size 1024K, 1 young (1024K), 0 survivors (0K)
 Metaspace       used 74544K, committed 75136K, reserved 1114112K
  class space    used 10164K, committed 10432K, reserved 1048576K
}
Event: 12040.677 GC heap after
{Heap after GC invocations=1150 (full 1004):
 garbage-first heap   total 137216K, used 40559K [0x00000000c0000000, 0x0000000100000000)
  region size 1024K, 0 young (0K), 0 survivors (0K)
 Metaspace       used 74544K, committed 75136K, reserved 1114112K
  class space    used 10164K, committed 10432K, reserved 1048576K
}
Event: 12052.338 GC heap before
{Heap before GC invocations=1150 (full 1004):
 garbage-first heap   total 137216K, used 40559K [0x00000000c0000000, 0x0000000100000000)
  region size 1024K, 1 young (1024K), 0 survivors (0K)
 Metaspace       used 74544K, committed 75136K, reserved 1114112K
  class space    used 10164K, committed 10432K, reserved 1048576K
}
Event: 12052.418 GC heap after
{Heap after GC invocations=1151 (full 1005):
 garbage-first heap   total 137216K, used 40559K [0x00000000c0000000, 0x0000000100000000)
  region size 1024K, 0 young (0K), 0 survivors (0K)
 Metaspace       used 74544K, committed 75136K, reserved 1114112K
  class space    used 10164K, committed 10432K, reserved 1048576K
}
Event: 12063.337 GC heap before
{Heap before GC invocations=1151 (full 1005):
 garbage-first heap   total 137216K, used 40559K [0x00000000c0000000, 0x0000000100000000)
  region size 1024K, 1 young (1024K), 0 survivors (0K)
 Metaspace       used 74544K, committed 75136K, reserved 1114112K
  class space    used 10164K, committed 10432K, reserved 1048576K
}
Event: 12063.418 GC heap after
{Heap after GC invocations=1152 (full 1006):
 garbage-first heap   total 137216K, used 40559K [0x00000000c0000000, 0x0000000100000000)
  region size 1024K, 0 young (0K), 0 survivors (0K)
 Metaspace       used 74544K, committed 75136K, reserved 1114112K
  class space    used 10164K, committed 10432K, reserved 1048576K
}
Event: 12074.524 GC heap before
{Heap before GC invocations=1152 (full 1006):
 garbage-first heap   total 137216K, used 40559K [0x00000000c0000000, 0x0000000100000000)
  region size 1024K, 1 young (1024K), 0 survivors (0K)
 Metaspace       used 74544K, committed 75136K, reserved 1114112K
  class space    used 10164K, committed 10432K, reserved 1048576K
}
Event: 12074.709 GC heap after
{Heap after GC invocations=1153 (full 1007):
 garbage-first heap   total 137216K, used 40559K [0x00000000c0000000, 0x0000000100000000)
  region size 1024K, 0 young (0K), 0 survivors (0K)
 Metaspace       used 74544K, committed 75136K, reserved 1114112K
  class space    used 10164K, committed 10432K, reserved 1048576K
}
Event: 12085.444 GC heap before
{Heap before GC invocations=1153 (full 1007):
 garbage-first heap   total 137216K, used 40559K [0x00000000c0000000, 0x0000000100000000)
  region size 1024K, 1 young (1024K), 0 survivors (0K)
 Metaspace       used 74544K, committed 75136K, reserved 1114112K
  class space    used 10164K, committed 10432K, reserved 1048576K
}
Event: 12085.517 GC heap after
{Heap after GC invocations=1154 (full 1008):
 garbage-first heap   total 137216K, used 40559K [0x00000000c0000000, 0x0000000100000000)
  region size 1024K, 0 young (0K), 0 survivors (0K)
 Metaspace       used 74544K, committed 75136K, reserved 1114112K
  class space    used 10164K, committed 10432K, reserved 1048576K
}
Event: 12096.248 GC heap before
{Heap before GC invocations=1154 (full 1008):
 garbage-first heap   total 137216K, used 40559K [0x00000000c0000000, 0x0000000100000000)
  region size 1024K, 1 young (1024K), 0 survivors (0K)
 Metaspace       used 74544K, committed 75136K, reserved 1114112K
  class space    used 10164K, committed 10432K, reserved 1048576K
}
Event: 12096.336 GC heap after
{Heap after GC invocations=1155 (full 1009):
 garbage-first heap   total 137216K, used 40559K [0x00000000c0000000, 0x0000000100000000)
  region size 1024K, 0 young (0K), 0 survivors (0K)
 Metaspace       used 74544K, committed 75136K, reserved 1114112K
  class space    used 10164K, committed 10432K, reserved 1048576K
}
Event: 12107.432 GC heap before
{Heap before GC invocations=1155 (full 1009):
 garbage-first heap   total 137216K, used 40559K [0x00000000c0000000, 0x0000000100000000)
  region size 1024K, 1 young (1024K), 0 survivors (0K)
 Metaspace       used 74544K, committed 75136K, reserved 1114112K
  class space    used 10164K, committed 10432K, reserved 1048576K
}
Event: 12107.695 GC heap after
{Heap after GC invocations=1156 (full 1010):
 garbage-first heap   total 137216K, used 40559K [0x00000000c0000000, 0x0000000100000000)
  region size 1024K, 0 young (0K), 0 survivors (0K)
 Metaspace       used 74544K, committed 75136K, reserved 1114112K
  class space    used 10164K, committed 10432K, reserved 1048576K
}
Event: 12118.624 GC heap before
{Heap before GC invocations=1156 (full 1010):
 garbage-first heap   total 137216K, used 40559K [0x00000000c0000000, 0x0000000100000000)
  region size 1024K, 1 young (1024K), 0 survivors (0K)
 Metaspace       used 74544K, committed 75136K, reserved 1114112K
  class space    used 10164K, committed 10432K, reserved 1048576K
}
Event: 12118.811 GC heap after
{Heap after GC invocations=1157 (full 1011):
 garbage-first heap   total 137216K, used 40559K [0x00000000c0000000, 0x0000000100000000)
  region size 1024K, 0 young (0K), 0 survivors (0K)
 Metaspace       used 74544K, committed 75136K, reserved 1114112K
  class space    used 10164K, committed 10432K, reserved 1048576K
}

